<?xml version="1.0" encoding="UTF-8"?>
<!-- Generated by org.testng.reporters.JUnitXMLReporter -->
<testsuite hostname="kannans-w05" ignored="1" name="Default test" tests="5" failures="0" timestamp="11 Nov 2017 08:16:24 GMT" time="0.072" errors="0">
  <testcase name="batman" time="0.014" classname="com.vmware.test.selenium.Cricketer"/>
  <testcase name="batman" time="0.005" classname="com.vmware.test.selenium.Cricketer"/>
  <testcase name="blower" time="0.002" classname="com.vmware.test.selenium.Cricketer"/>
  <testcase name="blower" time="0.002" classname="com.vmware.test.selenium.Cricketer"/>
  <testcase name="blower" time="0.002" classname="com.vmware.test.selenium.Cricketer"/>
  <testcase name="wicketkeeper" time="0.0" classname="com.vmware.test.selenium.Cricketer">
    <ignored/>
  </testcase> <!-- wicketkeeper -->
</testsuite> <!-- Default test -->
