<?xml version="1.0" encoding="UTF-8"?>
<!-- Generated by org.testng.reporters.JUnitXMLReporter -->
<testsuite hostname="kannans-w05" ignored="0" name="P0" tests="5" failures="0" timestamp="29 Aug 2017 03:32:36 GMT" time="6.033" errors="0">
  <testcase name="Test1" time="2.002" classname="com.vmware.testng.ThreadTestNG"/>
  <testcase name="Test2" time="1.001" classname="com.vmware.testng.ThreadTestNG"/>
  <testcase name="Test3" time="3.001" classname="com.vmware.testng.ThreadTestNG"/>
  <testcase name="a1" time="0.002" classname="com.vmware.testng.ThreadTestNG"/>
  <testcase name="b1" time="0.002" classname="com.vmware.testng.ThreadTestNG"/>
</testsuite> <!-- P0 -->
