<?xml version="1.0" encoding="UTF-8"?>
<!-- Generated by org.testng.reporters.JUnitXMLReporter -->
<testsuite hostname="kannans-w05" ignored="0" name="P1" tests="7" failures="0" timestamp="29 Aug 2017 03:32:30 GMT" time="6.102" errors="0">
  <testcase name="extendTest1" time="0.004" classname="com.vmware.testng.ExtendThreadTestNG"/>
  <testcase name="extendTest2" time="0.002" classname="com.vmware.testng.ExtendThreadTestNG"/>
  <testcase name="Test1" time="2.001" classname="com.vmware.testng.ThreadTestNG"/>
  <testcase name="Test2" time="1.003" classname="com.vmware.testng.ThreadTestNG"/>
  <testcase name="Test3" time="3.002" classname="com.vmware.testng.ThreadTestNG"/>
  <testcase name="a1" time="0.004" classname="com.vmware.testng.ThreadTestNG"/>
  <testcase name="b1" time="0.005" classname="com.vmware.testng.ThreadTestNG"/>
</testsuite> <!-- P1 -->
