<?xml version="1.0" encoding="UTF-8"?>
<!-- Generated by org.testng.reporters.JUnitXMLReporter -->
<testsuite hostname="kannans-w05" ignored="1" name="Match2" tests="4" failures="0" timestamp="11 Aug 2017 02:04:48 GMT" time="0.013" errors="0">
  <testcase name="batman" time="0.001" classname="com.vmware.test.selenium.TestBase"/>
  <testcase name="blower" time="0.0" classname="com.vmware.test.selenium.TestBase"/>
  <testcase name="wicketkeeper" time="0.001" classname="com.vmware.test.selenium.TestBase"/>
  <testcase name="over" time="0.001" classname="com.vmware.test.selenium.TestBase"/>
  <testcase name="run" time="0.0" classname="com.vmware.test.selenium.TestBase">
    <ignored/>
  </testcase> <!-- run -->
</testsuite> <!-- Match2 -->
