<?xml version="1.0" encoding="UTF-8"?>
<!-- Generated by org.testng.reporters.JUnitXMLReporter -->
<testsuite hostname="kannans-w05" ignored="0" name="P0" tests="5" failures="0" timestamp="29 Aug 2017 03:36:38 GMT" time="3.019" errors="0">
  <testcase name="a1" time="0.004" classname="com.vmware.testng.ThreadTestNG"/>
  <testcase name="b1" time="0.005" classname="com.vmware.testng.ThreadTestNG"/>
  <testcase name="Test2" time="1.002" classname="com.vmware.testng.ThreadTestNG"/>
  <testcase name="Test1" time="2.003" classname="com.vmware.testng.ThreadTestNG"/>
  <testcase name="Test3" time="3.004" classname="com.vmware.testng.ThreadTestNG"/>
</testsuite> <!-- P0 -->
