<?xml version="1.0" encoding="UTF-8"?>
<!-- Generated by org.testng.reporters.JUnitXMLReporter -->
<testsuite hostname="kannans-w05" ignored="0" name="P1" tests="7" failures="0" timestamp="29 Aug 2017 03:36:35 GMT" time="3.064" errors="0">
  <testcase name="extendTest2" time="0.003" classname="com.vmware.testng.ExtendThreadTestNG"/>
  <testcase name="extendTest1" time="0.011" classname="com.vmware.testng.ExtendThreadTestNG"/>
  <testcase name="a1" time="0.001" classname="com.vmware.testng.ThreadTestNG"/>
  <testcase name="b1" time="0.002" classname="com.vmware.testng.ThreadTestNG"/>
  <testcase name="Test2" time="1.011" classname="com.vmware.testng.ThreadTestNG"/>
  <testcase name="Test1" time="2.007" classname="com.vmware.testng.ThreadTestNG"/>
  <testcase name="Test3" time="3.008" classname="com.vmware.testng.ThreadTestNG"/>
</testsuite> <!-- P1 -->
