<?xml version="1.0" encoding="UTF-8"?>
<testng-results skipped="0" failed="0" ignored="1" total="6" passed="5">
  <reporter-output>
  </reporter-output>
  <suite name="Default suite" duration-ms="72" started-at="2017-11-11T08:16:24Z" finished-at="2017-11-11T08:16:24Z">
    <groups>
    </groups>
    <test name="Default test" duration-ms="72" started-at="2017-11-11T08:16:24Z" finished-at="2017-11-11T08:16:24Z">
      <class name="com.vmware.test.selenium.Cricketer">
        <test-method status="PASS" signature="batman(java.lang.String, java.lang.String)[pri:0, instance:com.vmware.test.selenium.Cricketer@3e6fa38a]" name="batman" duration-ms="14" started-at="2017-11-11T13:46:24Z" data-provider="batman" finished-at="2017-11-11T13:46:24Z">
          <params>
            <param index="0">
              <value>
                <![CDATA[fname]]>
              </value>
            </param>
            <param index="1">
              <value>
                <![CDATA[lname]]>
              </value>
            </param>
          </params>
          <reporter-output>
          </reporter-output>
        </test-method> <!-- batman -->
        <test-method status="PASS" signature="batman(java.lang.String, java.lang.String)[pri:0, instance:com.vmware.test.selenium.Cricketer@3e6fa38a]" name="batman" duration-ms="5" started-at="2017-11-11T13:46:24Z" data-provider="batman" finished-at="2017-11-11T13:46:24Z">
          <params>
            <param index="0">
              <value>
                <![CDATA[sathesh]]>
              </value>
            </param>
            <param index="1">
              <value>
                <![CDATA[kannan]]>
              </value>
            </param>
          </params>
          <reporter-output>
          </reporter-output>
        </test-method> <!-- batman -->
        <test-method status="PASS" signature="blower(java.lang.String, java.lang.String)[pri:0, instance:com.vmware.test.selenium.Cricketer@3e6fa38a]" name="blower" duration-ms="2" started-at="2017-11-11T13:46:24Z" data-provider="blower" finished-at="2017-11-11T13:46:24Z">
          <params>
            <param index="0">
              <value>
                <![CDATA[bhuvaneswar]]>
              </value>
            </param>
            <param index="1">
              <value>
                <![CDATA[singh]]>
              </value>
            </param>
          </params>
          <reporter-output>
          </reporter-output>
        </test-method> <!-- blower -->
        <test-method status="PASS" signature="blower(java.lang.String, java.lang.String)[pri:0, instance:com.vmware.test.selenium.Cricketer@3e6fa38a]" name="blower" duration-ms="2" started-at="2017-11-11T13:46:24Z" data-provider="blower" finished-at="2017-11-11T13:46:24Z">
          <params>
            <param index="0">
              <value>
                <![CDATA[satheesh]]>
              </value>
            </param>
            <param index="1">
              <value>
                <![CDATA[kannan]]>
              </value>
            </param>
          </params>
          <reporter-output>
          </reporter-output>
        </test-method> <!-- blower -->
        <test-method status="PASS" signature="blower(java.lang.String, java.lang.String)[pri:0, instance:com.vmware.test.selenium.Cricketer@3e6fa38a]" name="blower" duration-ms="2" started-at="2017-11-11T13:46:24Z" data-provider="blower" finished-at="2017-11-11T13:46:24Z">
          <params>
            <param index="0">
              <value>
                <![CDATA[dashvanth]]>
              </value>
            </param>
            <param index="1">
              <value>
                <![CDATA[satheesh]]>
              </value>
            </param>
          </params>
          <reporter-output>
          </reporter-output>
        </test-method> <!-- blower -->
      </class> <!-- com.vmware.test.selenium.Cricketer -->
    </test> <!-- Default test -->
  </suite> <!-- Default suite -->
</testng-results>
